<?xml version="1.0" encoding="UTF-8"?>
<!-- Generated by org.testng.reporters.JUnitXMLReporter -->
<testsuite ignored="0" hostname="DESKTOP-1C1CICJ" failures="0" tests="8" name="Test" time="1085.42" errors="0" timestamp="2023-09-08T13:04:25 IST">
  <testcase classname="com.bestbuy.test.LaunchBrowserTest" name="launchBrowser" time="71.766"/>
  <testcase classname="com.bestbuy.test.LoginTest" name="login" time="65.155"/>
  <testcase classname="com.bestbuy.test.SignInTest" name="SignIn" time="22.388"/>
  <testcase classname="com.bestbuy.test.MenuTest" name="Menu" time="2.471"/>
  <testcase classname="com.bestbuy.test.SearchTest" name="Search" time="20.13"/>
  <testcase classname="com.bestbuy.test.AddToCartTest" name="Addtocartbymenu" time="408.616"/>
  <testcase classname="com.bestbuy.test.AddToCartTest" name="CartCheckout" time="143.008"/>
  <testcase classname="com.bestbuy.test.PaymentTest" name="PlaceOrder" time="351.789"/>
</testsuite> <!-- Test -->
