<?xml version="1.0" encoding="UTF-8"?>
<testng-results ignored="0" total="8" passed="8" failed="0" skipped="0">
  <reporter-output>
  </reporter-output>
  <suite started-at="2023-09-08T12:46:19 IST" name="Suite" finished-at="2023-09-08T13:04:25 IST" duration-ms="1085420">
    <groups>
    </groups>
    <test started-at="2023-09-08T12:46:19 IST" name="Test" finished-at="2023-09-08T13:04:25 IST" duration-ms="1085420">
      <class name="com.bestbuy.test.LaunchBrowserTest">
        <test-method signature="launchBrowser()[pri:0, instance:com.bestbuy.test.LaunchBrowserTest@5e0e82ae]" started-at="2023-09-08T12:46:19 IST" name="launchBrowser" finished-at="2023-09-08T12:47:31 IST" duration-ms="71766" status="PASS">
          <reporter-output>
          </reporter-output>
        </test-method> <!-- launchBrowser -->
      </class> <!-- com.bestbuy.test.LaunchBrowserTest -->
      <class name="com.bestbuy.test.AddToCartTest">
        <test-method signature="Addtocartbymenu()[pri:0, instance:com.bestbuy.test.AddToCartTest@776aec5c]" started-at="2023-09-08T12:49:21 IST" name="Addtocartbymenu" finished-at="2023-09-08T12:56:10 IST" duration-ms="408616" status="PASS">
          <reporter-output>
          </reporter-output>
        </test-method> <!-- Addtocartbymenu -->
        <test-method signature="CartCheckout()[pri:0, instance:com.bestbuy.test.AddToCartTest@776aec5c]" started-at="2023-09-08T12:56:10 IST" name="CartCheckout" finished-at="2023-09-08T12:58:33 IST" duration-ms="143008" status="PASS">
          <reporter-output>
          </reporter-output>
        </test-method> <!-- CartCheckout -->
      </class> <!-- com.bestbuy.test.AddToCartTest -->
      <class name="com.bestbuy.test.SearchTest">
        <test-method signature="Search()[pri:0, instance:com.bestbuy.test.SearchTest@5b7a5baa]" started-at="2023-09-08T12:49:01 IST" name="Search" finished-at="2023-09-08T12:49:21 IST" duration-ms="20130" status="PASS">
          <reporter-output>
          </reporter-output>
        </test-method> <!-- Search -->
      </class> <!-- com.bestbuy.test.SearchTest -->
      <class name="com.bestbuy.utils.Reports">
        <test-method is-config="true" signature="startReport()[pri:0, instance:com.bestbuy.utils.Reports@3eb25e1a]" started-at="2023-09-08T12:46:19 IST" name="startReport" finished-at="2023-09-08T12:46:19 IST" duration-ms="336" status="PASS">
          <reporter-output>
          </reporter-output>
        </test-method> <!-- startReport -->
        <test-method is-config="true" signature="endReport()[pri:0, instance:com.bestbuy.utils.Reports@3eb25e1a]" started-at="2023-09-08T13:04:25 IST" name="endReport" finished-at="2023-09-08T13:04:25 IST" duration-ms="454" status="PASS">
          <reporter-output>
          </reporter-output>
        </test-method> <!-- endReport -->
      </class> <!-- com.bestbuy.utils.Reports -->
      <class name="com.bestbuy.test.MenuTest">
        <test-method signature="Menu()[pri:0, instance:com.bestbuy.test.MenuTest@5bf0d49]" started-at="2023-09-08T12:48:59 IST" name="Menu" finished-at="2023-09-08T12:49:01 IST" duration-ms="2471" status="PASS">
          <reporter-output>
          </reporter-output>
        </test-method> <!-- Menu -->
      </class> <!-- com.bestbuy.test.MenuTest -->
      <class name="com.bestbuy.test.SignInTest">
        <test-method signature="SignIn()[pri:0, instance:com.bestbuy.test.SignInTest@175c2241]" started-at="2023-09-08T12:48:36 IST" name="SignIn" finished-at="2023-09-08T12:48:59 IST" duration-ms="22388" status="PASS">
          <reporter-output>
          </reporter-output>
        </test-method> <!-- SignIn -->
      </class> <!-- com.bestbuy.test.SignInTest -->
      <class name="com.bestbuy.test.PaymentTest">
        <test-method signature="PlaceOrder()[pri:0, instance:com.bestbuy.test.PaymentTest@1d296da]" started-at="2023-09-08T12:58:33 IST" name="PlaceOrder" finished-at="2023-09-08T13:04:25 IST" duration-ms="351789" status="PASS">
          <reporter-output>
          </reporter-output>
        </test-method> <!-- PlaceOrder -->
      </class> <!-- com.bestbuy.test.PaymentTest -->
      <class name="com.bestbuy.test.LoginTest">
        <test-method signature="login()[pri:0, instance:com.bestbuy.test.LoginTest@4afcd809]" started-at="2023-09-08T12:47:31 IST" name="login" finished-at="2023-09-08T12:48:36 IST" duration-ms="65155" status="PASS">
          <reporter-output>
          </reporter-output>
        </test-method> <!-- login -->
      </class> <!-- com.bestbuy.test.LoginTest -->
    </test> <!-- Test -->
  </suite> <!-- Suite -->
</testng-results>
